<?xml version="1.0" encoding="UTF-8"?>
<testsuite name="ShamsTest" tests="2" skipped="0" failures="0" errors="0" timestamp="2021-10-12T06:25:33" hostname="KAPITR006" time="0.019">
  <properties/>
  <testcase name="main()" classname="ShamsTest" time="0.017"/>
  <testcase name="welcome()" classname="ShamsTest" time="0.001"/>
  <system-out><![CDATA[]]></system-out>
  <system-err><![CDATA[]]></system-err>
</testsuite>
