<?xml version="1.0" encoding="UTF-8"?>
<testsuite name="ShamsTest" tests="2" skipped="0" failures="0" errors="0" timestamp="2021-10-13T16:54:19" hostname="DESKTOP-QUQS423" time="0.041">
  <properties/>
  <testcase name="main()" classname="ShamsTest" time="0.038"/>
  <testcase name="welcome()" classname="ShamsTest" time="0.001"/>
  <system-out><![CDATA[]]></system-out>
  <system-err><![CDATA[]]></system-err>
</testsuite>
